# JRE version: Java(TM) SE Runtime Environment (8.0_121-b13) (build 1.8.0_121-b13)
# Java VM: Java HotSpot(TM) 64-Bit Server VM (25.121-b13 mixed mode windows-amd64 compressed oops)
Heap:
 PSYoungGen      total 119808K, used 53850K [0x00000000d5580000, 0x00000000dda80000, 0x0000000100000000)
  eden space 105472K, 38% used [0x00000000d5580000,0x00000000d7d3c0f8,0x00000000dbc80000)
  from space 14336K, 91% used [0x00000000dbc80000,0x00000000dc95aaf0,0x00000000dca80000)
  to   space 11264K, 0% used [0x00000000dca80000,0x00000000dca80000,0x00000000dd580000)
 ParOldGen       total 49152K, used 23823K [0x0000000080000000, 0x0000000083000000, 0x00000000d5580000)
  object space 49152K, 48% used [0x0000000080000000,0x0000000081743d78,0x0000000083000000)
 Metaspace       used 47750K, capacity 49760K, committed 50048K, reserved 1093632K
  class space    used 6784K, capacity 7173K, committed 7296K, reserved 1048576K
GC Heap History (10 events):
Event: 4.093 GC heap before
{Heap before GC invocations=9 (full 1):
 PSYoungGen      total 71680K, used 71678K [0x00000000d5580000, 0x00000000dd580000, 0x0000000100000000)
  eden space 62464K, 100% used [0x00000000d5580000,0x00000000d9280000,0x00000000d9280000)
  from space 9216K, 99% used [0x00000000d9280000,0x00000000d9b7f908,0x00000000d9b80000)
  to   space 11264K, 0% used [0x00000000dca80000,0x00000000dca80000,0x00000000dd580000)
 ParOldGen       total 49152K, used 10837K [0x0000000080000000, 0x0000000083000000, 0x00000000d5580000)
  object space 49152K, 22% used [0x0000000080000000,0x0000000080a955e8,0x0000000083000000)
 Metaspace       used 30292K, capacity 31828K, committed 32000K, reserved 1077248K
  class space    used 4212K, capacity 4513K, committed 4608K, reserved 1048576K
Event: 4.121 GC heap after
Heap after GC invocations=9 (full 1):
 PSYoungGen      total 116736K, used 11235K [0x00000000d5580000, 0x00000000dda80000, 0x0000000100000000)
  eden space 105472K, 0% used [0x00000000d5580000,0x00000000d5580000,0x00000000dbc80000)
  from space 11264K, 99% used [0x00000000dca80000,0x00000000dd578d00,0x00000000dd580000)
  to   space 14336K, 0% used [0x00000000dbc80000,0x00000000dbc80000,0x00000000dca80000)
 ParOldGen       total 49152K, used 15315K [0x0000000080000000, 0x0000000083000000, 0x00000000d5580000)
  object space 49152K, 31% used [0x0000000080000000,0x0000000080ef4db8,0x0000000083000000)
 Metaspace       used 30292K, capacity 31828K, committed 32000K, reserved 1077248K
  class space    used 4212K, capacity 4513K, committed 4608K, reserved 1048576K
}
Event: 5.102 GC heap before
{Heap before GC invocations=10 (full 1):
 PSYoungGen      total 116736K, used 116707K [0x00000000d5580000, 0x00000000dda80000, 0x0000000100000000)
  eden space 105472K, 100% used [0x00000000d5580000,0x00000000dbc80000,0x00000000dbc80000)
  from space 11264K, 99% used [0x00000000dca80000,0x00000000dd578d00,0x00000000dd580000)
  to   space 14336K, 0% used [0x00000000dbc80000,0x00000000dbc80000,0x00000000dca80000)
 ParOldGen       total 49152K, used 15315K [0x0000000080000000, 0x0000000083000000, 0x00000000d5580000)
  object space 49152K, 31% used [0x0000000080000000,0x0000000080ef4db8,0x0000000083000000)
 Metaspace       used 32672K, capacity 34378K, committed 34560K, reserved 1079296K
  class space    used 4531K, capacity 4850K, committed 4864K, reserved 1048576K
Event: 5.124 GC heap after
Heap after GC invocations=10 (full 1):
 PSYoungGen      total 119808K, used 12172K [0x00000000d5580000, 0x00000000dda80000, 0x0000000100000000)
  eden space 105472K, 0% used [0x00000000d5580000,0x00000000d5580000,0x00000000dbc80000)
  from space 14336K, 84% used [0x00000000dbc80000,0x00000000dc8630c8,0x00000000dca80000)
  to   space 11264K, 0% used [0x00000000dca80000,0x00000000dca80000,0x00000000dd580000)
 ParOldGen       total 49152K, used 19299K [0x0000000080000000, 0x0000000083000000, 0x00000000d5580000)
  object space 49152K, 39% used [0x0000000080000000,0x00000000812d8dd8,0x0000000083000000)
 Metaspace       used 32672K, capacity 34378K, committed 34560K, reserved 1079296K
  class space    used 4531K, capacity 4850K, committed 4864K, reserved 1048576K
}
Event: 5.540 GC heap before
{Heap before GC invocations=11 (full 1):
 PSYoungGen      total 119808K, used 60375K [0x00000000d5580000, 0x00000000dda80000, 0x0000000100000000)
  eden space 105472K, 45% used [0x00000000d5580000,0x00000000d8492d28,0x00000000dbc80000)
  from space 14336K, 84% used [0x00000000dbc80000,0x00000000dc8630c8,0x00000000dca80000)
  to   space 11264K, 0% used [0x00000000dca80000,0x00000000dca80000,0x00000000dd580000)
 ParOldGen       total 49152K, used 19299K [0x0000000080000000, 0x0000000083000000, 0x00000000d5580000)
  object space 49152K, 39% used [0x0000000080000000,0x00000000812d8dd8,0x0000000083000000)
 Metaspace       used 33527K, capacity 35294K, committed 35416K, reserved 1079296K
  class space    used 4668K, capacity 5036K, committed 5120K, reserved 1048576K
Event: 5.558 GC heap after
Heap after GC invocations=11 (full 1):
 PSYoungGen      total 116736K, used 5429K [0x00000000d5580000, 0x00000000dda80000, 0x0000000100000000)
  eden space 105472K, 0% used [0x00000000d5580000,0x00000000d5580000,0x00000000dbc80000)
  from space 11264K, 48% used [0x00000000dca80000,0x00000000dcfcd418,0x00000000dd580000)
  to   space 14336K, 0% used [0x00000000dbc80000,0x00000000dbc80000,0x00000000dca80000)
 ParOldGen       total 49152K, used 26398K [0x0000000080000000, 0x0000000083000000, 0x00000000d5580000)
  object space 49152K, 53% used [0x0000000080000000,0x00000000819c7a30,0x0000000083000000)
 Metaspace       used 33527K, capacity 35294K, committed 35416K, reserved 1079296K
  class space    used 4668K, capacity 5036K, committed 5120K, reserved 1048576K
}
Event: 5.558 GC heap before
{Heap before GC invocations=12 (full 2):
 PSYoungGen      total 116736K, used 5429K [0x00000000d5580000, 0x00000000dda80000, 0x0000000100000000)
  eden space 105472K, 0% used [0x00000000d5580000,0x00000000d5580000,0x00000000dbc80000)
  from space 11264K, 48% used [0x00000000dca80000,0x00000000dcfcd418,0x00000000dd580000)
  to   space 14336K, 0% used [0x00000000dbc80000,0x00000000dbc80000,0x00000000dca80000)
 ParOldGen       total 49152K, used 26398K [0x0000000080000000, 0x0000000083000000, 0x00000000d5580000)
  object space 49152K, 53% used [0x0000000080000000,0x00000000819c7a30,0x0000000083000000)
 Metaspace       used 33527K, capacity 35294K, committed 35416K, reserved 1079296K
  class space    used 4668K, capacity 5036K, committed 5120K, reserved 1048576K
Event: 5.657 GC heap after
Heap after GC invocations=12 (full 2):
 PSYoungGen      total 116736K, used 0K [0x00000000d5580000, 0x00000000dda80000, 0x0000000100000000)
  eden space 105472K, 0% used [0x00000000d5580000,0x00000000d5580000,0x00000000dbc80000)
  from space 11264K, 0% used [0x00000000dca80000,0x00000000dca80000,0x00000000dd580000)
  to   space 14336K, 0% used [0x00000000dbc80000,0x00000000dbc80000,0x00000000dca80000)
 ParOldGen       total 49152K, used 23815K [0x0000000080000000, 0x0000000083000000, 0x00000000d5580000)
  object space 49152K, 48% used [0x0000000080000000,0x0000000081741d78,0x0000000083000000)
 Metaspace       used 33527K, capacity 35294K, committed 35416K, reserved 1079296K
  class space    used 4668K, capacity 5036K, committed 5120K, reserved 1048576K
}
Event: 6.950 GC heap before
{Heap before GC invocations=13 (full 2):
 PSYoungGen      total 116736K, used 105472K [0x00000000d5580000, 0x00000000dda80000, 0x0000000100000000)
  eden space 105472K, 100% used [0x00000000d5580000,0x00000000dbc80000,0x00000000dbc80000)
  from space 11264K, 0% used [0x00000000dca80000,0x00000000dca80000,0x00000000dd580000)
  to   space 14336K, 0% used [0x00000000dbc80000,0x00000000dbc80000,0x00000000dca80000)
 ParOldGen       total 49152K, used 23815K [0x0000000080000000, 0x0000000083000000, 0x00000000d5580000)
  object space 49152K, 48% used [0x0000000080000000,0x0000000081741d78,0x0000000083000000)
 Metaspace       used 45110K, capacity 47056K, committed 47232K, reserved 1089536K
  class space    used 6402K, capacity 6769K, committed 6784K, reserved 1048576K
Event: 6.964 GC heap after
Heap after GC invocations=13 (full 2):
 PSYoungGen      total 119808K, used 13162K [0x00000000d5580000, 0x00000000dda80000, 0x0000000100000000)
  eden space 105472K, 0% used [0x00000000d5580000,0x00000000d5580000,0x00000000dbc80000)
  from space 14336K, 91% used [0x00000000dbc80000,0x00000000dc95aaf0,0x00000000dca80000)
  to   space 11264K, 0% used [0x00000000dca80000,0x00000000dca80000,0x00000000dd580000)
 ParOldGen       total 49152K, used 23823K [0x0000000080000000, 0x0000000083000000, 0x00000000d5580000)
  object space 49152K, 48% used [0x0000000080000000,0x0000000081743d78,0x0000000083000000)
 Metaspace       used 45110K, capacity 47056K, committed 47232K, reserved 1089536K
  class space    used 6402K, capacity 6769K, committed 6784K, reserved 1048576K
}

